<?xml version="1.0" encoding="UTF-8"?>
<robot generator="Robot 4.1.3 (Python 3.10.2 on win32)" generated="20220217 16:59:19.959" rpa="false" schemaversion="2">
<suite id="s1" name="kuveraMF" source="C:\Users\yashaswini\PycharmProjects\pythonProject2\tests\kuveraMF.robot">
<test id="s1-t1" name="TestCase">
<kw name="Launch Browser and enter URL" library="common" type="SETUP">
<kw name="Open Browser" library="SeleniumLibrary">
<arg>${url}</arg>
<arg>${browser}</arg>
<doc>Opens a new browser instance to the optional ``url``.</doc>
<msg timestamp="20220217 16:59:20.454" level="INFO">Opening browser 'chrome' to base url 'https://kuvera.in/'.</msg>
<status status="PASS" starttime="20220217 16:59:20.454" endtime="20220217 17:00:09.044"/>
</kw>
<kw name="Maximize Browser Window" library="SeleniumLibrary">
<doc>Maximizes current browser window.</doc>
<status status="PASS" starttime="20220217 17:00:09.044" endtime="20220217 17:00:09.563"/>
</kw>
<status status="PASS" starttime="20220217 16:59:20.454" endtime="20220217 17:00:09.563"/>
</kw>
<kw name="Login to the application" library="pom">
<kw name="Sleep" library="BuiltIn">
<arg>20s</arg>
<doc>Pauses the test executed for the given time.</doc>
<msg timestamp="20220217 17:00:29.585" level="INFO">Slept 20 seconds</msg>
<status status="PASS" starttime="20220217 17:00:09.564" endtime="20220217 17:00:29.586"/>
</kw>
<kw name="Click Button" library="SeleniumLibrary">
<arg>${logbtn}</arg>
<doc>Clicks the button identified by ``locator``.</doc>
<msg timestamp="20220217 17:00:29.589" level="INFO">Clicking button 'xpath://button[.='Log in']'.</msg>
<status status="PASS" starttime="20220217 17:00:29.587" endtime="20220217 17:00:29.787"/>
</kw>
<kw name="Sleep" library="BuiltIn">
<arg>5s</arg>
<doc>Pauses the test executed for the given time.</doc>
<msg timestamp="20220217 17:00:34.794" level="INFO">Slept 5 seconds</msg>
<status status="PASS" starttime="20220217 17:00:29.787" endtime="20220217 17:00:34.794"/>
</kw>
<kw name="Input Text" library="SeleniumLibrary">
<arg>${emailtxt}</arg>
<arg>yashaswini.rpea17@gmail.com</arg>
<doc>Types the given ``text`` into the text field identified by ``locator``.</doc>
<msg timestamp="20220217 17:00:34.794" level="INFO">Typing text 'yashaswini.rpea17@gmail.com' into text field 'id:email'.</msg>
<status status="PASS" starttime="20220217 17:00:34.794" endtime="20220217 17:00:35.122"/>
</kw>
<kw name="Input Text" library="SeleniumLibrary">
<arg>${pwdtxt}</arg>
<arg>9481394673ySD</arg>
<doc>Types the given ``text`` into the text field identified by ``locator``.</doc>
<msg timestamp="20220217 17:00:35.123" level="INFO">Typing text '9481394673ySD' into text field 'id:password'.</msg>
<status status="PASS" starttime="20220217 17:00:35.122" endtime="20220217 17:00:35.251"/>
</kw>
<kw name="Sleep" library="BuiltIn">
<arg>2s</arg>
<doc>Pauses the test executed for the given time.</doc>
<msg timestamp="20220217 17:00:37.262" level="INFO">Slept 2 seconds</msg>
<status status="PASS" starttime="20220217 17:00:35.251" endtime="20220217 17:00:37.262"/>
</kw>
<kw name="Click Button" library="SeleniumLibrary">
<arg>${login}</arg>
<doc>Clicks the button identified by ``locator``.</doc>
<msg timestamp="20220217 17:00:37.263" level="INFO">Clicking button 'xpath://button[.='LOGIN']'.</msg>
<status status="PASS" starttime="20220217 17:00:37.262" endtime="20220217 17:00:37.346"/>
</kw>
<kw name="Sleep" library="BuiltIn">
<arg>5s</arg>
<doc>Pauses the test executed for the given time.</doc>
<msg timestamp="20220217 17:00:42.351" level="INFO">Slept 5 seconds</msg>
<status status="PASS" starttime="20220217 17:00:37.346" endtime="20220217 17:00:42.351"/>
</kw>
<status status="PASS" starttime="20220217 17:00:09.564" endtime="20220217 17:00:42.351"/>
</kw>
<kw name="View a MF Plan" library="pom">
<kw name="Click Element" library="SeleniumLibrary">
<arg>${MFicon}</arg>
<doc>Click the element identified by ``locator``.</doc>
<msg timestamp="20220217 17:00:42.352" level="INFO">Clicking element 'xpath=(//span[.='MF'])[1]'.</msg>
<status status="PASS" starttime="20220217 17:00:42.352" endtime="20220217 17:00:42.448"/>
</kw>
<kw name="Sleep" library="BuiltIn">
<arg>2s</arg>
<doc>Pauses the test executed for the given time.</doc>
<msg timestamp="20220217 17:00:44.450" level="INFO">Slept 2 seconds</msg>
<status status="PASS" starttime="20220217 17:00:42.449" endtime="20220217 17:00:44.450"/>
</kw>
<kw name="Click Element" library="SeleniumLibrary">
<arg>${quant}</arg>
<doc>Click the element identified by ``locator``.</doc>
<msg timestamp="20220217 17:00:44.451" level="INFO">Clicking element 'xpath=//span[.='Quant Small Cap Growth Direct Plan']'.</msg>
<status status="PASS" starttime="20220217 17:00:44.450" endtime="20220217 17:00:44.887"/>
</kw>
<kw name="Sleep" library="BuiltIn">
<arg>5s</arg>
<doc>Pauses the test executed for the given time.</doc>
<msg timestamp="20220217 17:00:49.890" level="INFO">Slept 5 seconds</msg>
<status status="PASS" starttime="20220217 17:00:44.887" endtime="20220217 17:00:49.890"/>
</kw>
<status status="PASS" starttime="20220217 17:00:42.352" endtime="20220217 17:00:49.890"/>
</kw>
<kw name="Close the Browser" library="common" type="TEARDOWN">
<kw name="Close Browser" library="SeleniumLibrary">
<doc>Closes the current browser.</doc>
<status status="PASS" starttime="20220217 17:00:49.891" endtime="20220217 17:00:54.254"/>
</kw>
<status status="PASS" starttime="20220217 17:00:49.891" endtime="20220217 17:00:54.254"/>
</kw>
<status status="PASS" starttime="20220217 16:59:20.452" endtime="20220217 17:00:54.255"/>
</test>
<status status="PASS" starttime="20220217 16:59:19.962" endtime="20220217 17:00:54.257"/>
</suite>
<statistics>
<total>
<stat pass="1" fail="0" skip="0">All Tests</stat>
</total>
<tag>
</tag>
<suite>
<stat pass="1" fail="0" skip="0" id="s1" name="kuveraMF">kuveraMF</stat>
</suite>
</statistics>
<errors>
</errors>
</robot>
